0	1	mikroCPIC1618.exe -MSF -DBG -pP16F887 -DL -O11111114 -fo20 -N"C:\Edward\MyProject.mcppi" -SP"C:\Users\Public\Documents\Mikroelektronika\mikroC PRO for PIC\defs\" -SP"C:\Users\Public\Documents\Mikroelektronika\mikroC PRO for PIC\Uses\P16\" -SP"C:\Edward\" -SP"C:\Program Files\Mikroelektronika\mikroC PRO for PIC\defs\" -SP"C:\Program Files\Mikroelektronika\mikroC PRO for PIC\Uses\P16\" -SP"Y:\Edward\" -SP"C:\Копия Edward\" "MyProject.c" "__Lib_Math.mcl" "__Lib_MathDouble.mcl" "__Lib_System.mcl" "__Lib_Delays.mcl" "__Lib_CType.mcl" "__Lib_CString.mcl" "__Lib_CStdlib.mcl" "__Lib_CMath.mcl" "__Lib_MemManager.mcl" "__Lib_Conversions.mcl" "__Lib_Sprinti.mcl" "__Lib_Sprintl.mcl" "__Lib_Time.mcl" "__Lib_Trigonometry.mcl" "__Lib_Button.mcl" "__Lib_Keypad4x4.mcl" "__Lib_Manchester.mcl" "__Lib_OneWire.mcl" "__Lib_PS2.mcl" "__Lib_Sound.mcl" "__Lib_SoftI2C.mcl" "__Lib_SoftSPI.mcl" "__Lib_SoftUART.mcl" "__Lib_ADC_88X.mcl" "__Lib_EEPROM.mcl" "__Lib_FLASH_RW.mcl" "__Lib_I2C_c34.mcl" "__Lib_PWM_c21.mcl" "__Lib_SPI_c345.mcl" "__Lib_UART_c67.mcl" "__Lib_PortExpander.mcl" "__Lib_CANSPI.mcl" "__Lib_CF.mcl" "__Lib_GlcdFonts.mcl" "__Lib_Glcd.mcl" "__Lib_LcdConsts.mcl" "__Lib_Lcd.mcl" "__Lib_RS485.mcl" "__Lib_S1D13700.mcl" "__Lib_T6963C.mcl" "__Lib_SPIGlcd.mcl" "__Lib_SPILcd.mcl" "__Lib_SPILcd8.mcl" "__Lib_SPIT6963C.mcl" "__Lib_EthEnc28j60.mcl" "__Lib_EthEnc24j600.mcl" "__Lib_TouchPanel.mcl"	 
warning: 0	1501	Specified search path does not exist: 'C:\Program Files\Mikroelektronika\mikroC PRO for PIC\defs'	 
warning: 0	1501	Specified search path does not exist: 'C:\Program Files\Mikroelektronika\mikroC PRO for PIC\Uses\P16'	 
warning: 0	1501	Specified search path does not exist: 'Y:\Edward'	 
warning: 0	1501	Specified search path does not exist: 'C:\Копи	 
0	0		
hint: 0	1139	Available RAM: 352 [bytes], Available ROM: 8192 [bytes]	 
diagnostics: 0	126	All files Preprocessed in 47 ms	 
diagnostics: 0	122	Compilation Started	motor.h
hint: 411	1163	Variable 'min' has been declared, but not used	a.h
warning: 29	1509	Generated baud rate is 9615 bps (error = 0.16 percent)	MyProject.c
diagnostics: 68	123	Compiled Successfully	MyProject.c
hint: 3	1164	Variable 'dat' has been eliminated by optimizer	MyProject.c
hint: 69	1164	Variable 'temp' has been eliminated by optimizer	MyProject.c
hint: 86	1164	Variable 'temp' has been eliminated by optimizer	MyProject.c
hint: 319	1164	Variable 'temp' has been eliminated by optimizer	MyProject.c
diagnostics: 0	127	All files Compiled in 203 ms	 
hint: 0	1144	Used RAM (bytes): 88 (25%)  Free RAM (bytes): 264 (75%)	Used RAM (bytes): 88 (25%)  Free RAM (bytes): 264 (75%)
hint: 0	1144	Used ROM (program words): 3765 (46%)  Free ROM (program words): 4427 (54%)	Used ROM (program words): 3765 (46%)  Free ROM (program words): 4427 (54%)
diagnostics: 0	125	Project Linked Successfully	MyProject.mcppi
diagnostics: 0	128	Linked in 203 ms	 
diagnostics: 0	129	Project 'MyProject.mcppi' completed: 562 ms	 
diagnostics: 0	103	Finished successfully: 18 янв 2013, 10:42:31	MyProject.mcppi
