;  LST file generated by mikroListExporter - v.2.0 
; Date/Time: 03.12.2012 12:22:54
;----------------------------------------------

;Address Opcode 	ASM
0x0000	0x2A25      	GOTO       549
_Delay_50us:
;__Lib_Delays.c,19 :: 		void Delay_50us() {
;__Lib_Delays.c,20 :: 		Delay_us(50);
0x0003	0x3021      	MOVLW      33
0x0004	0x1283      	BCF        STATUS, 5
0x0005	0x1303      	BCF        STATUS, 6
0x0006	0x00FD      	MOVWF      R13
L_Delay_50us2:
0x0007	0x0BFD      	DECFSZ     R13, 1
0x0008	0x2807      	GOTO       L_Delay_50us2
;__Lib_Delays.c,21 :: 		}
L_end_Delay_50us:
0x0009	0x0008      	RETURN
; end of _Delay_50us
_Delay_1us:
;__Lib_Delays.c,7 :: 		void Delay_1us() {
;__Lib_Delays.c,8 :: 		Delay_us(1);
0x000A	0x0000      	NOP
0x000B	0x0000      	NOP
;__Lib_Delays.c,9 :: 		}
L_end_Delay_1us:
0x000C	0x0008      	RETURN
; end of _Delay_1us
_Delay_5500us:
;__Lib_Delays.c,31 :: 		void Delay_5500us() {
;__Lib_Delays.c,32 :: 		Delay_us(5500);
0x000D	0x300F      	MOVLW      15
0x000E	0x1283      	BCF        STATUS, 5
0x000F	0x1303      	BCF        STATUS, 6
0x0010	0x00FC      	MOVWF      R12
0x0011	0x3047      	MOVLW      71
0x0012	0x00FD      	MOVWF      R13
L_Delay_5500us5:
0x0013	0x0BFD      	DECFSZ     R13, 1
0x0014	0x2813      	GOTO       L_Delay_5500us5
0x0015	0x0BFC      	DECFSZ     R12, 1
0x0016	0x2813      	GOTO       L_Delay_5500us5
0x0017	0x0000      	NOP
0x0018	0x0000      	NOP
;__Lib_Delays.c,33 :: 		}
L_end_Delay_5500us:
0x0019	0x0008      	RETURN
; end of _Delay_5500us
_Lcd_Cmd:
;__Lib_Lcd.c,18 :: 		
;__Lib_Lcd.c,20 :: 		
0x001A	0x1283      	BCF        STATUS, 5
0x001B	0x1303      	BCF        STATUS, 6
0x001C	0x1BBB      	BTFSC      FARG_Lcd_Cmd_out_char, 7
0x001D	0x2820      	GOTO       L__Lcd_Cmd21
0x001E	0x1388      	BCF        LCD_D7, BitPos(LCD_D7+0)
0x001F	0x2821      	GOTO       L__Lcd_Cmd22
L__Lcd_Cmd21:
0x0020	0x1788      	BSF        LCD_D7, BitPos(LCD_D7+0)
L__Lcd_Cmd22:
;__Lib_Lcd.c,21 :: 		
0x0021	0x1B3B      	BTFSC      FARG_Lcd_Cmd_out_char, 6
0x0022	0x2825      	GOTO       L__Lcd_Cmd23
0x0023	0x1308      	BCF        LCD_D6, BitPos(LCD_D6+0)
0x0024	0x2826      	GOTO       L__Lcd_Cmd24
L__Lcd_Cmd23:
0x0025	0x1708      	BSF        LCD_D6, BitPos(LCD_D6+0)
L__Lcd_Cmd24:
;__Lib_Lcd.c,22 :: 		
0x0026	0x1ABB      	BTFSC      FARG_Lcd_Cmd_out_char, 5
0x0027	0x282A      	GOTO       L__Lcd_Cmd25
0x0028	0x1288      	BCF        LCD_D5, BitPos(LCD_D5+0)
0x0029	0x282B      	GOTO       L__Lcd_Cmd26
L__Lcd_Cmd25:
0x002A	0x1688      	BSF        LCD_D5, BitPos(LCD_D5+0)
L__Lcd_Cmd26:
;__Lib_Lcd.c,23 :: 		
0x002B	0x1A3B      	BTFSC      FARG_Lcd_Cmd_out_char, 4
0x002C	0x282F      	GOTO       L__Lcd_Cmd27
0x002D	0x1208      	BCF        LCD_D4, BitPos(LCD_D4+0)
0x002E	0x2830      	GOTO       L__Lcd_Cmd28
L__Lcd_Cmd27:
0x002F	0x1608      	BSF        LCD_D4, BitPos(LCD_D4+0)
L__Lcd_Cmd28:
;__Lib_Lcd.c,25 :: 		
0x0030	0x1831      	BTFSC      __Lib_Lcd_cmd_status, BitPos(__Lib_Lcd_cmd_status+0)
0x0031	0x2834      	GOTO       L__Lcd_Cmd29
0x0032	0x1508      	BSF        LCD_RS, BitPos(LCD_RS+0)
0x0033	0x2835      	GOTO       L__Lcd_Cmd30
L__Lcd_Cmd29:
0x0034	0x1108      	BCF        LCD_RS, BitPos(LCD_RS+0)
L__Lcd_Cmd30:
;__Lib_Lcd.c,28 :: 		
0x0035	0x1588      	BSF        LCD_EN, BitPos(LCD_EN+0)
;__Lib_Lcd.c,29 :: 		
0x0036	0x200A      	CALL       _Delay_1us
;__Lib_Lcd.c,30 :: 		
0x0037	0x1188      	BCF        LCD_EN, BitPos(LCD_EN+0)
;__Lib_Lcd.c,33 :: 		
0x0038	0x19BB      	BTFSC      FARG_Lcd_Cmd_out_char, 3
0x0039	0x283C      	GOTO       L__Lcd_Cmd31
0x003A	0x1388      	BCF        LCD_D7, BitPos(LCD_D7+0)
0x003B	0x283D      	GOTO       L__Lcd_Cmd32
L__Lcd_Cmd31:
0x003C	0x1788      	BSF        LCD_D7, BitPos(LCD_D7+0)
L__Lcd_Cmd32:
;__Lib_Lcd.c,34 :: 		
0x003D	0x193B      	BTFSC      FARG_Lcd_Cmd_out_char, 2
0x003E	0x2841      	GOTO       L__Lcd_Cmd33
0x003F	0x1308      	BCF        LCD_D6, BitPos(LCD_D6+0)
0x0040	0x2842      	GOTO       L__Lcd_Cmd34
L__Lcd_Cmd33:
0x0041	0x1708      	BSF        LCD_D6, BitPos(LCD_D6+0)
L__Lcd_Cmd34:
;__Lib_Lcd.c,35 :: 		
0x0042	0x18BB      	BTFSC      FARG_Lcd_Cmd_out_char, 1
0x0043	0x2846      	GOTO       L__Lcd_Cmd35
0x0044	0x1288      	BCF        LCD_D5, BitPos(LCD_D5+0)
0x0045	0x2847      	GOTO       L__Lcd_Cmd36
L__Lcd_Cmd35:
0x0046	0x1688      	BSF        LCD_D5, BitPos(LCD_D5+0)
L__Lcd_Cmd36:
;__Lib_Lcd.c,36 :: 		
0x0047	0x183B      	BTFSC      FARG_Lcd_Cmd_out_char, 0
0x0048	0x284B      	GOTO       L__Lcd_Cmd37
0x0049	0x1208      	BCF        LCD_D4, BitPos(LCD_D4+0)
0x004A	0x284C      	GOTO       L__Lcd_Cmd38
L__Lcd_Cmd37:
0x004B	0x1608      	BSF        LCD_D4, BitPos(LCD_D4+0)
L__Lcd_Cmd38:
;__Lib_Lcd.c,38 :: 		
0x004C	0x1831      	BTFSC      __Lib_Lcd_cmd_status, BitPos(__Lib_Lcd_cmd_status+0)
0x004D	0x2850      	GOTO       L__Lcd_Cmd39
0x004E	0x1508      	BSF        LCD_RS, BitPos(LCD_RS+0)
0x004F	0x2851      	GOTO       L__Lcd_Cmd40
L__Lcd_Cmd39:
0x0050	0x1108      	BCF        LCD_RS, BitPos(LCD_RS+0)
L__Lcd_Cmd40:
;__Lib_Lcd.c,40 :: 		
0x0051	0x1588      	BSF        LCD_EN, BitPos(LCD_EN+0)
;__Lib_Lcd.c,41 :: 		
0x0052	0x200A      	CALL       _Delay_1us
;__Lib_Lcd.c,42 :: 		
0x0053	0x1188      	BCF        LCD_EN, BitPos(LCD_EN+0)
;__Lib_Lcd.c,44 :: 		
0x0054	0x1C31      	BTFSS      __Lib_Lcd_cmd_status, BitPos(__Lib_Lcd_cmd_status+0)
0x0055	0x2858      	GOTO       L_Lcd_Cmd0
;__Lib_Lcd.c,45 :: 		
0x0056	0x200D      	CALL       _Delay_5500us
0x0057	0x2859      	GOTO       L_Lcd_Cmd1
L_Lcd_Cmd0:
;__Lib_Lcd.c,47 :: 		
0x0058	0x2003      	CALL       _Delay_50us
L_Lcd_Cmd1:
;__Lib_Lcd.c,48 :: 		
L_end_Lcd_Cmd:
0x0059	0x0008      	RETURN
; end of _Lcd_Cmd
_Mul_16x16_U:
;__Lib_Math.c,136 :: 		
;__Lib_Math.c,143 :: 		
0x005A	0x1283      	BCF        STATUS, 5
;__Lib_Math.c,144 :: 		
0x005B	0x1303      	BCF        STATUS, 6
;__Lib_Math.c,145 :: 		
0x005C	0x01FB      	CLRF       R11
;__Lib_Math.c,146 :: 		
0x005D	0x01FA      	CLRF       R10
;__Lib_Math.c,147 :: 		
0x005E	0x01F9      	CLRF       R9
;__Lib_Math.c,148 :: 		
0x005F	0x3080      	MOVLW      128
;__Lib_Math.c,149 :: 		
0x0060	0x00F8      	MOVWF      R8
;__Lib_Math.c,150 :: 		
0x0061	0x0CF1      	RRF        R1, 1
;__Lib_Math.c,151 :: 		
0x0062	0x0CF0      	RRF        R0, 1
;__Lib_Math.c,152 :: 		
0x0063	0x1C03      	BTFSS      STATUS, 0
;__Lib_Math.c,153 :: 		
0x0064	0x286E      	GOTO       $+10
;__Lib_Math.c,154 :: 		
0x0065	0x0874      	MOVF       R4, 0
;__Lib_Math.c,155 :: 		
0x0066	0x07F9      	ADDWF      R9, 1
;__Lib_Math.c,156 :: 		
0x0067	0x0875      	MOVF       R5, 0
;__Lib_Math.c,157 :: 		
0x0068	0x1803      	BTFSC      STATUS, 0
;__Lib_Math.c,158 :: 		
0x0069	0x0F75      	INCFSZ     R5, 0
;__Lib_Math.c,159 :: 		
0x006A	0x07FA      	ADDWF      R10, 1
;__Lib_Math.c,160 :: 		
0x006B	0x1803      	BTFSC      STATUS, 0
;__Lib_Math.c,161 :: 		
0x006C	0x0AFB      	INCF       R11, 1
;__Lib_Math.c,162 :: 		
0x006D	0x1003      	BCF        STATUS, 0
;__Lib_Math.c,163 :: 		
0x006E	0x1FF0      	BTFSS      R0, 7
;__Lib_Math.c,164 :: 		
0x006F	0x2876      	GOTO       $+7
;__Lib_Math.c,165 :: 		
0x0070	0x0874      	MOVF       R4, 0
;__Lib_Math.c,166 :: 		
0x0071	0x07FA      	ADDWF      R10, 1
;__Lib_Math.c,167 :: 		
0x0072	0x0875      	MOVF       R5, 0
;__Lib_Math.c,168 :: 		
0x0073	0x1803      	BTFSC      STATUS, 0
;__Lib_Math.c,169 :: 		
0x0074	0x0F75      	INCFSZ     R5, 0
;__Lib_Math.c,170 :: 		
0x0075	0x07FB      	ADDWF      R11, 1
;__Lib_Math.c,171 :: 		
0x0076	0x0CFB      	RRF        R11, 1
;__Lib_Math.c,172 :: 		
0x0077	0x0CFA      	RRF        R10, 1
;__Lib_Math.c,173 :: 		
0x0078	0x0CF9      	RRF        R9, 1
;__Lib_Math.c,174 :: 		
0x0079	0x0CF8      	RRF        R8, 1
;__Lib_Math.c,175 :: 		
0x007A	0x1C03      	BTFSS      STATUS, 0
;__Lib_Math.c,176 :: 		
0x007B	0x2861      	GOTO       $-26
;__Lib_Math.c,177 :: 		
0x007C	0x087B      	MOVF       R11, 0
;__Lib_Math.c,178 :: 		
0x007D	0x00F3      	MOVWF      R3
;__Lib_Math.c,179 :: 		
0x007E	0x087A      	MOVF       R10, 0
;__Lib_Math.c,180 :: 		
0x007F	0x00F2      	MOVWF      R2
;__Lib_Math.c,181 :: 		
0x0080	0x0879      	MOVF       R9, 0
;__Lib_Math.c,182 :: 		
0x0081	0x00F1      	MOVWF      R1
;__Lib_Math.c,183 :: 		
0x0082	0x0878      	MOVF       R8, 0
;__Lib_Math.c,184 :: 		
0x0083	0x00F0      	MOVWF      R0
;__Lib_Math.c,187 :: 		
L_end_Mul_16x16_U:
0x0084	0x0008      	RETURN
; end of _Mul_16x16_U
_PWM1_Set_Duty:
;__Lib_PWM_c21.c,40 :: 		
;__Lib_PWM_c21.c,44 :: 		
0x0085	0x1683      	BSF        STATUS, 5
0x0086	0x1303      	BCF        STATUS, 6
0x0087	0x0812      	MOVF       PR2, 0
0x0088	0x3E01      	ADDLW      1
0x0089	0x00F0      	MOVWF      R0
0x008A	0x01F1      	CLRF       R0+1
0x008B	0x1803      	BTFSC      STATUS, 0
0x008C	0x0AF1      	INCF       R0+1, 1
0x008D	0x1283      	BCF        STATUS, 5
0x008E	0x083A      	MOVF       FARG_PWM1_Set_Duty_new_duty, 0
0x008F	0x00F4      	MOVWF      R4
0x0090	0x01F5      	CLRF       R4+1
0x0091	0x205A      	CALL       _Mul_16x16_U
0x0092	0x3006      	MOVLW      6
0x0093	0x00F2      	MOVWF      R2
0x0094	0x0870      	MOVF       R0, 0
0x0095	0x00F4      	MOVWF      R4
0x0096	0x0871      	MOVF       R0+1, 0
0x0097	0x00F5      	MOVWF      R4+1
0x0098	0x0872      	MOVF       R2, 0
L__PWM1_Set_Duty10:
0x0099	0x1903      	BTFSC      STATUS, 2
0x009A	0x28A0      	GOTO       L__PWM1_Set_Duty11
0x009B	0x0CF5      	RRF        R4+1, 1
0x009C	0x0CF4      	RRF        R4, 1
0x009D	0x13F5      	BCF        R4+1, 7
0x009E	0x3EFF      	ADDLW      255
0x009F	0x2899      	GOTO       L__PWM1_Set_Duty10
L__PWM1_Set_Duty11:
;__Lib_PWM_c21.c,45 :: 		
0x00A0	0x3004      	MOVLW      4
0x00A1	0x00F1      	MOVWF      R1
0x00A2	0x0874      	MOVF       R4, 0
0x00A3	0x00F0      	MOVWF      R0
0x00A4	0x0871      	MOVF       R1, 0
L__PWM1_Set_Duty12:
0x00A5	0x1903      	BTFSC      STATUS, 2
0x00A6	0x28AB      	GOTO       L__PWM1_Set_Duty13
0x00A7	0x0DF0      	RLF        R0, 1
0x00A8	0x1070      	BCF        R0, 0
0x00A9	0x3EFF      	ADDLW      255
0x00AA	0x28A5      	GOTO       L__PWM1_Set_Duty12
L__PWM1_Set_Duty13:
0x00AB	0x3030      	MOVLW      48
0x00AC	0x0570      	ANDWF      R0, 0
0x00AD	0x00F3      	MOVWF      R3
;__Lib_PWM_c21.c,46 :: 		
0x00AE	0x0874      	MOVF       R4, 0
0x00AF	0x00F0      	MOVWF      R0
0x00B0	0x0875      	MOVF       R4+1, 0
0x00B1	0x00F1      	MOVWF      R0+1
0x00B2	0x0CF1      	RRF        R0+1, 1
0x00B3	0x0CF0      	RRF        R0, 1
0x00B4	0x13F1      	BCF        R0+1, 7
0x00B5	0x0CF1      	RRF        R0+1, 1
0x00B6	0x0CF0      	RRF        R0, 1
0x00B7	0x13F1      	BCF        R0+1, 7
0x00B8	0x0870      	MOVF       R0, 0
0x00B9	0x0095      	MOVWF      CCPR1L
;__Lib_PWM_c21.c,47 :: 		
0x00BA	0x300F      	MOVLW      15
0x00BB	0x0597      	ANDWF      CCP1CON, 1
;__Lib_PWM_c21.c,48 :: 		
0x00BC	0x0873      	MOVF       R3, 0
0x00BD	0x0497      	IORWF      CCP1CON, 1
;__Lib_PWM_c21.c,49 :: 		
L_end_PWM1_Set_Duty:
0x00BE	0x0008      	RETURN
; end of _PWM1_Set_Duty
_PWM2_Set_Duty:
;__Lib_PWM_c21.c,8 :: 		
;__Lib_PWM_c21.c,12 :: 		
0x00BF	0x1683      	BSF        STATUS, 5
0x00C0	0x1303      	BCF        STATUS, 6
0x00C1	0x0812      	MOVF       PR2, 0
0x00C2	0x3E01      	ADDLW      1
0x00C3	0x00F0      	MOVWF      R0
0x00C4	0x01F1      	CLRF       R0+1
0x00C5	0x1803      	BTFSC      STATUS, 0
0x00C6	0x0AF1      	INCF       R0+1, 1
0x00C7	0x1283      	BCF        STATUS, 5
0x00C8	0x083A      	MOVF       FARG_PWM2_Set_Duty_new_duty, 0
0x00C9	0x00F4      	MOVWF      R4
0x00CA	0x01F5      	CLRF       R4+1
0x00CB	0x205A      	CALL       _Mul_16x16_U
0x00CC	0x3006      	MOVLW      6
0x00CD	0x00F2      	MOVWF      R2
0x00CE	0x0870      	MOVF       R0, 0
0x00CF	0x00F4      	MOVWF      R4
0x00D0	0x0871      	MOVF       R0+1, 0
0x00D1	0x00F5      	MOVWF      R4+1
0x00D2	0x0872      	MOVF       R2, 0
L__PWM2_Set_Duty2:
0x00D3	0x1903      	BTFSC      STATUS, 2
0x00D4	0x28DA      	GOTO       L__PWM2_Set_Duty3
0x00D5	0x0CF5      	RRF        R4+1, 1
0x00D6	0x0CF4      	RRF        R4, 1
0x00D7	0x13F5      	BCF        R4+1, 7
0x00D8	0x3EFF      	ADDLW      255
0x00D9	0x28D3      	GOTO       L__PWM2_Set_Duty2
L__PWM2_Set_Duty3:
;__Lib_PWM_c21.c,13 :: 		
0x00DA	0x3004      	MOVLW      4
0x00DB	0x00F1      	MOVWF      R1
0x00DC	0x0874      	MOVF       R4, 0
0x00DD	0x00F0      	MOVWF      R0
0x00DE	0x0871      	MOVF       R1, 0
L__PWM2_Set_Duty4:
0x00DF	0x1903      	BTFSC      STATUS, 2
0x00E0	0x28E5      	GOTO       L__PWM2_Set_Duty5
0x00E1	0x0DF0      	RLF        R0, 1
0x00E2	0x1070      	BCF        R0, 0
0x00E3	0x3EFF      	ADDLW      255
0x00E4	0x28DF      	GOTO       L__PWM2_Set_Duty4
L__PWM2_Set_Duty5:
0x00E5	0x3030      	MOVLW      48
0x00E6	0x0570      	ANDWF      R0, 0
0x00E7	0x00F3      	MOVWF      R3
;__Lib_PWM_c21.c,14 :: 		
0x00E8	0x0874      	MOVF       R4, 0
0x00E9	0x00F0      	MOVWF      R0
0x00EA	0x0875      	MOVF       R4+1, 0
0x00EB	0x00F1      	MOVWF      R0+1
0x00EC	0x0CF1      	RRF        R0+1, 1
0x00ED	0x0CF0      	RRF        R0, 1
0x00EE	0x13F1      	BCF        R0+1, 7
0x00EF	0x0CF1      	RRF        R0+1, 1
0x00F0	0x0CF0      	RRF        R0, 1
0x00F1	0x13F1      	BCF        R0+1, 7
0x00F2	0x0870      	MOVF       R0, 0
0x00F3	0x009B      	MOVWF      CCPR2L
;__Lib_PWM_c21.c,15 :: 		
0x00F4	0x300F      	MOVLW      15
0x00F5	0x059D      	ANDWF      CCP2CON, 1
;__Lib_PWM_c21.c,16 :: 		
0x00F6	0x0873      	MOVF       R3, 0
0x00F7	0x049D      	IORWF      CCP2CON, 1
;__Lib_PWM_c21.c,17 :: 		
L_end_PWM2_Set_Duty:
0x00F8	0x0008      	RETURN
; end of _PWM2_Set_Duty
_Lcd_Chr_CP:
;__Lib_Lcd.c,50 :: 		
;__Lib_Lcd.c,52 :: 		
0x00F9	0x1283      	BCF        STATUS, 5
0x00FA	0x1303      	BCF        STATUS, 6
0x00FB	0x1031      	BCF        __Lib_Lcd_cmd_status, BitPos(__Lib_Lcd_cmd_status+0)
;__Lib_Lcd.c,53 :: 		
0x00FC	0x083A      	MOVF       FARG_Lcd_Chr_CP_out_char, 0
0x00FD	0x00BB      	MOVWF      FARG_Lcd_Cmd_out_char
0x00FE	0x201A      	CALL       _Lcd_Cmd
;__Lib_Lcd.c,54 :: 		
0x00FF	0x1431      	BSF        __Lib_Lcd_cmd_status, BitPos(__Lib_Lcd_cmd_status+0)
;__Lib_Lcd.c,55 :: 		
L_end_Lcd_Chr_CP:
0x0100	0x0008      	RETURN
; end of _Lcd_Chr_CP
_Lcd_Out:
;__Lib_Lcd.c,184 :: 		
;__Lib_Lcd.c,187 :: 		
0x0101	0x2913      	GOTO       L_Lcd_Out11
;__Lib_Lcd.c,188 :: 		
L_Lcd_Out13:
0x0102	0x3080      	MOVLW      128
0x0103	0x1283      	BCF        STATUS, 5
0x0104	0x1303      	BCF        STATUS, 6
0x0105	0x00B6      	MOVWF      FARG_Lcd_Out_row
0x0106	0x2926      	GOTO       L_Lcd_Out12
;__Lib_Lcd.c,189 :: 		
L_Lcd_Out14:
0x0107	0x30C0      	MOVLW      192
0x0108	0x00B6      	MOVWF      FARG_Lcd_Out_row
0x0109	0x2926      	GOTO       L_Lcd_Out12
;__Lib_Lcd.c,190 :: 		
L_Lcd_Out15:
0x010A	0x3094      	MOVLW      148
0x010B	0x00B6      	MOVWF      FARG_Lcd_Out_row
0x010C	0x2926      	GOTO       L_Lcd_Out12
;__Lib_Lcd.c,191 :: 		
L_Lcd_Out16:
0x010D	0x30D4      	MOVLW      212
0x010E	0x00B6      	MOVWF      FARG_Lcd_Out_row
0x010F	0x2926      	GOTO       L_Lcd_Out12
;__Lib_Lcd.c,192 :: 		
L_Lcd_Out17:
0x0110	0x3080      	MOVLW      128
0x0111	0x00B6      	MOVWF      FARG_Lcd_Out_row
;__Lib_Lcd.c,193 :: 		
0x0112	0x2926      	GOTO       L_Lcd_Out12
L_Lcd_Out11:
0x0113	0x1283      	BCF        STATUS, 5
0x0114	0x1303      	BCF        STATUS, 6
0x0115	0x0836      	MOVF       FARG_Lcd_Out_row, 0
0x0116	0x3A01      	XORLW      1
0x0117	0x1903      	BTFSC      STATUS, 2
0x0118	0x2902      	GOTO       L_Lcd_Out13
0x0119	0x0836      	MOVF       FARG_Lcd_Out_row, 0
0x011A	0x3A02      	XORLW      2
0x011B	0x1903      	BTFSC      STATUS, 2
0x011C	0x2907      	GOTO       L_Lcd_Out14
0x011D	0x0836      	MOVF       FARG_Lcd_Out_row, 0
0x011E	0x3A03      	XORLW      3
0x011F	0x1903      	BTFSC      STATUS, 2
0x0120	0x290A      	GOTO       L_Lcd_Out15
0x0121	0x0836      	MOVF       FARG_Lcd_Out_row, 0
0x0122	0x3A04      	XORLW      4
0x0123	0x1903      	BTFSC      STATUS, 2
0x0124	0x290D      	GOTO       L_Lcd_Out16
0x0125	0x2910      	GOTO       L_Lcd_Out17
L_Lcd_Out12:
;__Lib_Lcd.c,194 :: 		
0x0126	0x0337      	DECF       FARG_Lcd_Out_column, 0
0x0127	0x00F0      	MOVWF      R0
0x0128	0x0836      	MOVF       FARG_Lcd_Out_row, 0
0x0129	0x07F0      	ADDWF      R0, 1
0x012A	0x0870      	MOVF       R0, 0
0x012B	0x00B6      	MOVWF      FARG_Lcd_Out_row
;__Lib_Lcd.c,196 :: 		
0x012C	0x0870      	MOVF       R0, 0
0x012D	0x00BB      	MOVWF      FARG_Lcd_Cmd_out_char
0x012E	0x201A      	CALL       _Lcd_Cmd
;__Lib_Lcd.c,197 :: 		
0x012F	0x1031      	BCF        __Lib_Lcd_cmd_status, BitPos(__Lib_Lcd_cmd_status+0)
;__Lib_Lcd.c,198 :: 		
0x0130	0x01B9      	CLRF       Lcd_Out_i_L0
;__Lib_Lcd.c,199 :: 		
L_Lcd_Out18:
0x0131	0x0839      	MOVF       Lcd_Out_i_L0, 0
0x0132	0x0738      	ADDWF      FARG_Lcd_Out_text, 0
0x0133	0x0084      	MOVWF      FSR
0x0134	0x0800      	MOVF       INDF, 0
0x0135	0x1903      	BTFSC      STATUS, 2
0x0136	0x293F      	GOTO       L_Lcd_Out19
;__Lib_Lcd.c,200 :: 		
0x0137	0x0839      	MOVF       Lcd_Out_i_L0, 0
0x0138	0x0738      	ADDWF      FARG_Lcd_Out_text, 0
0x0139	0x0084      	MOVWF      FSR
0x013A	0x0800      	MOVF       INDF, 0
0x013B	0x00BA      	MOVWF      FARG_Lcd_Chr_CP_out_char
0x013C	0x20F9      	CALL       _Lcd_Chr_CP
0x013D	0x0AB9      	INCF       Lcd_Out_i_L0, 1
0x013E	0x2931      	GOTO       L_Lcd_Out18
L_Lcd_Out19:
;__Lib_Lcd.c,201 :: 		
0x013F	0x1431      	BSF        __Lib_Lcd_cmd_status, BitPos(__Lib_Lcd_cmd_status+0)
;__Lib_Lcd.c,202 :: 		
L_end_Lcd_Out:
0x0140	0x0008      	RETURN
; end of _Lcd_Out
_____DoICP:
;__Lib_System.c,6 :: 		
;__Lib_System.c,9 :: 		
0x0141	0x1283      	BCF        STATUS, 5
0x0142	0x1303      	BCF        STATUS, 6
0x0143	0x0830      	MOVF       ___DoICPAddr+1, 0
0x0144	0x008A      	MOVWF      PCLATH
;__Lib_System.c,10 :: 		
0x0145	0x082F      	MOVF       ___DoICPAddr, 0
0x0146	0x0082      	MOVWF      PCL
;__Lib_System.c,12 :: 		
L_end_____DoICP:
0x0147	0x0008      	RETURN
; end of _____DoICP
_UART1_Write:
;__Lib_UART_c67.c,39 :: 		
;__Lib_UART_c67.c,40 :: 		
L_UART1_Write3:
0x0148	0x1683      	BSF        STATUS, 5
0x0149	0x1303      	BCF        STATUS, 6
0x014A	0x1898      	BTFSC      TXSTA, 1
0x014B	0x294E      	GOTO       L_UART1_Write4
;__Lib_UART_c67.c,41 :: 		
0x014C	0x0000      	NOP
0x014D	0x2948      	GOTO       L_UART1_Write3
L_UART1_Write4:
;__Lib_UART_c67.c,42 :: 		
0x014E	0x1283      	BCF        STATUS, 5
0x014F	0x0836      	MOVF       FARG_UART1_Write_data_, 0
0x0150	0x0099      	MOVWF      TXREG
;__Lib_UART_c67.c,43 :: 		
L_end_UART1_Write:
0x0151	0x0008      	RETURN
; end of _UART1_Write
_PWM2_Stop:
;__Lib_PWM_c21.c,25 :: 		
;__Lib_PWM_c21.c,26 :: 		
0x0152	0x1683      	BSF        STATUS, 5
0x0153	0x1303      	BCF        STATUS, 6
0x0154	0x1487      	BSF        TRISC1_bit, 1
;__Lib_PWM_c21.c,27 :: 		
0x0155	0x1283      	BCF        STATUS, 5
0x0156	0x1112      	BCF        T2CON, 2
;__Lib_PWM_c21.c,28 :: 		
0x0157	0x30F0      	MOVLW      240
0x0158	0x059D      	ANDWF      CCP2CON, 1
;__Lib_PWM_c21.c,29 :: 		
L_end_PWM2_Stop:
0x0159	0x0008      	RETURN
; end of _PWM2_Stop
_Change_Duty:
;motor.h,53 :: 		void Change_Duty(char speed)
;motor.h,55 :: 		if (speed != motor_duty_)      // Check Same old speed
0x015A	0x1283      	BCF        STATUS, 5
0x015B	0x1303      	BCF        STATUS, 6
0x015C	0x0836      	MOVF       FARG_Change_Duty_speed, 0
0x015D	0x062D      	XORWF      _motor_duty_, 0
0x015E	0x1903      	BTFSC      STATUS, 2
0x015F	0x2968      	GOTO       L_Change_Duty1
;motor.h,57 :: 		motor_duty_=speed;            // Save for old speed
0x0160	0x0836      	MOVF       FARG_Change_Duty_speed, 0
0x0161	0x00AD      	MOVWF      _motor_duty_
;motor.h,58 :: 		PWM1_Set_Duty(speed);      // Motor A
0x0162	0x0836      	MOVF       FARG_Change_Duty_speed, 0
0x0163	0x00BA      	MOVWF      FARG_PWM1_Set_Duty_new_duty
0x0164	0x2085      	CALL       _PWM1_Set_Duty
;motor.h,59 :: 		PWM2_Set_Duty(speed);      // Motor B
0x0165	0x0836      	MOVF       FARG_Change_Duty_speed, 0
0x0166	0x00BA      	MOVWF      FARG_PWM2_Set_Duty_new_duty
0x0167	0x20BF      	CALL       _PWM2_Set_Duty
;motor.h,62 :: 		}
L_Change_Duty1:
;motor.h,63 :: 		}
L_end_Change_Duty:
0x0168	0x0008      	RETURN
; end of _Change_Duty
_Lcd_Init:
;__Lib_Lcd.c,84 :: 		
;__Lib_Lcd.c,86 :: 		
0x0169	0x1683      	BSF        STATUS, 5
0x016A	0x1303      	BCF        STATUS, 6
0x016B	0x1188      	BCF        LCD_EN_Direction, BitPos(LCD_EN_Direction+0)
;__Lib_Lcd.c,87 :: 		
0x016C	0x1108      	BCF        LCD_RS_Direction, BitPos(LCD_RS_Direction+0)
;__Lib_Lcd.c,88 :: 		
0x016D	0x1208      	BCF        LCD_D4_Direction, BitPos(LCD_D4_Direction+0)
;__Lib_Lcd.c,89 :: 		
0x016E	0x1288      	BCF        LCD_D5_Direction, BitPos(LCD_D5_Direction+0)
;__Lib_Lcd.c,90 :: 		
0x016F	0x1308      	BCF        LCD_D6_Direction, BitPos(LCD_D6_Direction+0)
;__Lib_Lcd.c,91 :: 		
0x0170	0x1388      	BCF        LCD_D7_Direction, BitPos(LCD_D7_Direction+0)
;__Lib_Lcd.c,93 :: 		
0x0171	0x1283      	BCF        STATUS, 5
0x0172	0x1188      	BCF        LCD_EN, BitPos(LCD_EN+0)
;__Lib_Lcd.c,94 :: 		
0x0173	0x1108      	BCF        LCD_RS, BitPos(LCD_RS+0)
;__Lib_Lcd.c,95 :: 		
0x0174	0x1388      	BCF        LCD_D7, BitPos(LCD_D7+0)
;__Lib_Lcd.c,96 :: 		
0x0175	0x1308      	BCF        LCD_D6, BitPos(LCD_D6+0)
;__Lib_Lcd.c,97 :: 		
0x0176	0x1288      	BCF        LCD_D5, BitPos(LCD_D5+0)
;__Lib_Lcd.c,98 :: 		
0x0177	0x1208      	BCF        LCD_D4, BitPos(LCD_D4+0)
;__Lib_Lcd.c,100 :: 		
0x0178	0x200D      	CALL       _Delay_5500us
;__Lib_Lcd.c,101 :: 		
0x0179	0x200D      	CALL       _Delay_5500us
;__Lib_Lcd.c,102 :: 		
0x017A	0x200D      	CALL       _Delay_5500us
;__Lib_Lcd.c,105 :: 		
0x017B	0x1688      	BSF        LCD_D5, BitPos(LCD_D5+0)
;__Lib_Lcd.c,106 :: 		
0x017C	0x1608      	BSF        LCD_D4, BitPos(LCD_D4+0)
;__Lib_Lcd.c,107 :: 		
0x017D	0x1588      	BSF        LCD_EN, BitPos(LCD_EN+0)
;__Lib_Lcd.c,108 :: 		
0x017E	0x200A      	CALL       _Delay_1us
;__Lib_Lcd.c,109 :: 		
0x017F	0x1188      	BCF        LCD_EN, BitPos(LCD_EN+0)
;__Lib_Lcd.c,110 :: 		
0x0180	0x200D      	CALL       _Delay_5500us
;__Lib_Lcd.c,112 :: 		
0x0181	0x1588      	BSF        LCD_EN, BitPos(LCD_EN+0)
;__Lib_Lcd.c,113 :: 		
0x0182	0x200A      	CALL       _Delay_1us
;__Lib_Lcd.c,114 :: 		
0x0183	0x1188      	BCF        LCD_EN, BitPos(LCD_EN+0)
;__Lib_Lcd.c,115 :: 		
0x0184	0x200D      	CALL       _Delay_5500us
;__Lib_Lcd.c,117 :: 		
0x0185	0x1588      	BSF        LCD_EN, BitPos(LCD_EN+0)
;__Lib_Lcd.c,118 :: 		
0x0186	0x200A      	CALL       _Delay_1us
;__Lib_Lcd.c,119 :: 		
0x0187	0x1188      	BCF        LCD_EN, BitPos(LCD_EN+0)
;__Lib_Lcd.c,120 :: 		
0x0188	0x200D      	CALL       _Delay_5500us
;__Lib_Lcd.c,123 :: 		
0x0189	0x1208      	BCF        LCD_D4, BitPos(LCD_D4+0)
;__Lib_Lcd.c,124 :: 		
0x018A	0x1588      	BSF        LCD_EN, BitPos(LCD_EN+0)
;__Lib_Lcd.c,125 :: 		
0x018B	0x200A      	CALL       _Delay_1us
;__Lib_Lcd.c,126 :: 		
0x018C	0x1188      	BCF        LCD_EN, BitPos(LCD_EN+0)
;__Lib_Lcd.c,127 :: 		
0x018D	0x200D      	CALL       _Delay_5500us
;__Lib_Lcd.c,130 :: 		
0x018E	0x1588      	BSF        LCD_EN, BitPos(LCD_EN+0)
;__Lib_Lcd.c,131 :: 		
0x018F	0x200A      	CALL       _Delay_1us
;__Lib_Lcd.c,132 :: 		
0x0190	0x1188      	BCF        LCD_EN, BitPos(LCD_EN+0)
;__Lib_Lcd.c,134 :: 		
0x0191	0x1288      	BCF        LCD_D5, BitPos(LCD_D5+0)
;__Lib_Lcd.c,135 :: 		
0x0192	0x1788      	BSF        LCD_D7, BitPos(LCD_D7+0)
;__Lib_Lcd.c,136 :: 		
0x0193	0x1588      	BSF        LCD_EN, BitPos(LCD_EN+0)
;__Lib_Lcd.c,137 :: 		
0x0194	0x200A      	CALL       _Delay_1us
;__Lib_Lcd.c,138 :: 		
0x0195	0x1188      	BCF        LCD_EN, BitPos(LCD_EN+0)
;__Lib_Lcd.c,139 :: 		
0x0196	0x200D      	CALL       _Delay_5500us
;__Lib_Lcd.c,142 :: 		
0x0197	0x1388      	BCF        LCD_D7, BitPos(LCD_D7+0)
;__Lib_Lcd.c,143 :: 		
0x0198	0x1608      	BSF        LCD_D4, BitPos(LCD_D4+0)
;__Lib_Lcd.c,144 :: 		
0x0199	0x1588      	BSF        LCD_EN, BitPos(LCD_EN+0)
;__Lib_Lcd.c,145 :: 		
0x019A	0x200A      	CALL       _Delay_1us
;__Lib_Lcd.c,146 :: 		
0x019B	0x1188      	BCF        LCD_EN, BitPos(LCD_EN+0)
;__Lib_Lcd.c,148 :: 		
0x019C	0x1208      	BCF        LCD_D4, BitPos(LCD_D4+0)
;__Lib_Lcd.c,149 :: 		
0x019D	0x1588      	BSF        LCD_EN, BitPos(LCD_EN+0)
;__Lib_Lcd.c,150 :: 		
0x019E	0x200A      	CALL       _Delay_1us
;__Lib_Lcd.c,151 :: 		
0x019F	0x1188      	BCF        LCD_EN, BitPos(LCD_EN+0)
;__Lib_Lcd.c,152 :: 		
0x01A0	0x200D      	CALL       _Delay_5500us
;__Lib_Lcd.c,155 :: 		
0x01A1	0x1588      	BSF        LCD_EN, BitPos(LCD_EN+0)
;__Lib_Lcd.c,156 :: 		
0x01A2	0x200A      	CALL       _Delay_1us
;__Lib_Lcd.c,157 :: 		
0x01A3	0x1188      	BCF        LCD_EN, BitPos(LCD_EN+0)
;__Lib_Lcd.c,159 :: 		
0x01A4	0x1608      	BSF        LCD_D4, BitPos(LCD_D4+0)
;__Lib_Lcd.c,160 :: 		
0x01A5	0x1588      	BSF        LCD_EN, BitPos(LCD_EN+0)
;__Lib_Lcd.c,161 :: 		
0x01A6	0x200A      	CALL       _Delay_1us
;__Lib_Lcd.c,162 :: 		
0x01A7	0x1188      	BCF        LCD_EN, BitPos(LCD_EN+0)
;__Lib_Lcd.c,163 :: 		
0x01A8	0x200D      	CALL       _Delay_5500us
;__Lib_Lcd.c,166 :: 		
0x01A9	0x1208      	BCF        LCD_D4, BitPos(LCD_D4+0)
;__Lib_Lcd.c,167 :: 		
0x01AA	0x1588      	BSF        LCD_EN, BitPos(LCD_EN+0)
;__Lib_Lcd.c,168 :: 		
0x01AB	0x200A      	CALL       _Delay_1us
;__Lib_Lcd.c,169 :: 		
0x01AC	0x1188      	BCF        LCD_EN, BitPos(LCD_EN+0)
;__Lib_Lcd.c,171 :: 		
0x01AD	0x1788      	BSF        LCD_D7, BitPos(LCD_D7+0)
;__Lib_Lcd.c,172 :: 		
0x01AE	0x1708      	BSF        LCD_D6, BitPos(LCD_D6+0)
;__Lib_Lcd.c,173 :: 		
0x01AF	0x1688      	BSF        LCD_D5, BitPos(LCD_D5+0)
;__Lib_Lcd.c,174 :: 		
0x01B0	0x1608      	BSF        LCD_D4, BitPos(LCD_D4+0)
;__Lib_Lcd.c,175 :: 		
0x01B1	0x1588      	BSF        LCD_EN, BitPos(LCD_EN+0)
;__Lib_Lcd.c,176 :: 		
0x01B2	0x200A      	CALL       _Delay_1us
;__Lib_Lcd.c,177 :: 		
0x01B3	0x1188      	BCF        LCD_EN, BitPos(LCD_EN+0)
;__Lib_Lcd.c,179 :: 		
0x01B4	0x200D      	CALL       _Delay_5500us
;__Lib_Lcd.c,181 :: 		
0x01B5	0x1431      	BSF        __Lib_Lcd_cmd_status, BitPos(__Lib_Lcd_cmd_status+0)
;__Lib_Lcd.c,182 :: 		
L_end_Lcd_Init:
0x01B6	0x0008      	RETURN
; end of _Lcd_Init
_PWM1_Stop:
;__Lib_PWM_c21.c,57 :: 		
;__Lib_PWM_c21.c,58 :: 		
0x01B7	0x1683      	BSF        STATUS, 5
0x01B8	0x1303      	BCF        STATUS, 6
0x01B9	0x1507      	BSF        TRISC2_bit, 2
;__Lib_PWM_c21.c,59 :: 		
0x01BA	0x1283      	BCF        STATUS, 5
0x01BB	0x1112      	BCF        T2CON, 2
;__Lib_PWM_c21.c,60 :: 		
0x01BC	0x30F0      	MOVLW      240
0x01BD	0x0597      	ANDWF      CCP1CON, 1
;__Lib_PWM_c21.c,61 :: 		
L_end_PWM1_Stop:
0x01BE	0x0008      	RETURN
; end of _PWM1_Stop
_printing:
;MyProject.c,18 :: 		void printing(char * text)
;MyProject.c,20 :: 		Lcd_Init();
0x01BF	0x2169      	CALL       _Lcd_Init
;MyProject.c,21 :: 		Lcd_cmd(_LCD_CURSOR_OFF);
0x01C0	0x300C      	MOVLW      12
0x01C1	0x00BB      	MOVWF      FARG_Lcd_Cmd_out_char
0x01C2	0x201A      	CALL       _Lcd_Cmd
;MyProject.c,22 :: 		Lcd_Cmd(_LCD_CLEAR);
0x01C3	0x3001      	MOVLW      1
0x01C4	0x00BB      	MOVWF      FARG_Lcd_Cmd_out_char
0x01C5	0x201A      	CALL       _Lcd_Cmd
;MyProject.c,23 :: 		Lcd_out(1,1,text);
0x01C6	0x3001      	MOVLW      1
0x01C7	0x00B6      	MOVWF      FARG_Lcd_Out_row
0x01C8	0x3001      	MOVLW      1
0x01C9	0x00B7      	MOVWF      FARG_Lcd_Out_column
0x01CA	0x0833      	MOVF       FARG_printing_text, 0
0x01CB	0x00B8      	MOVWF      FARG_Lcd_Out_text
0x01CC	0x2101      	CALL       _Lcd_Out
;MyProject.c,25 :: 		}
L_end_printing:
0x01CD	0x0008      	RETURN
; end of _printing
_UART1_Tx_Idle:
;__Lib_UART_c67.c,34 :: 		
;__Lib_UART_c67.c,35 :: 		
0x01CE	0x3000      	MOVLW      0
0x01CF	0x1683      	BSF        STATUS, 5
0x01D0	0x1303      	BCF        STATUS, 6
0x01D1	0x1898      	BTFSC      TXSTA, 1
0x01D2	0x3001      	MOVLW      1
0x01D3	0x00F0      	MOVWF      R0
;__Lib_UART_c67.c,36 :: 		
L_end_UART1_Tx_Idle:
0x01D4	0x0008      	RETURN
; end of _UART1_Tx_Idle
_UART1_Read:
;__Lib_UART_c67.c,21 :: 		
;__Lib_UART_c67.c,24 :: 		
0x01D5	0x1283      	BCF        STATUS, 5
0x01D6	0x1303      	BCF        STATUS, 6
0x01D7	0x081A      	MOVF       RCREG, 0
0x01D8	0x00F1      	MOVWF      R1
;__Lib_UART_c67.c,25 :: 		
0x01D9	0x1C98      	BTFSS      RCSTA, 1
0x01DA	0x29DD      	GOTO       L_UART1_Read2
;__Lib_UART_c67.c,26 :: 		
0x01DB	0x1218      	BCF        RCSTA, 4
;__Lib_UART_c67.c,27 :: 		
0x01DC	0x1618      	BSF        RCSTA, 4
;__Lib_UART_c67.c,28 :: 		
L_UART1_Read2:
;__Lib_UART_c67.c,29 :: 		
0x01DD	0x0871      	MOVF       R1, 0
0x01DE	0x00F0      	MOVWF      R0
;__Lib_UART_c67.c,30 :: 		
L_end_UART1_Read:
0x01DF	0x0008      	RETURN
; end of _UART1_Read
_UART1_Data_Ready:
;__Lib_UART_c67.c,16 :: 		
;__Lib_UART_c67.c,17 :: 		
0x01E0	0x3000      	MOVLW      0
0x01E1	0x1283      	BCF        STATUS, 5
0x01E2	0x1303      	BCF        STATUS, 6
0x01E3	0x1A8C      	BTFSC      PIR1, 5
0x01E4	0x3001      	MOVLW      1
0x01E5	0x00F0      	MOVWF      R0
;__Lib_UART_c67.c,18 :: 		
L_end_UART1_Data_Ready:
0x01E6	0x0008      	RETURN
; end of _UART1_Data_Ready
_UART1_Init:
;__Lib_UART_c67.c,2 :: 		
;__Lib_UART_c67.c,5 :: 		
0x01E7	0x1683      	BSF        STATUS, 5
0x01E8	0x1303      	BCF        STATUS, 6
0x01E9	0x1698      	BSF        TXSTA, 5
;__Lib_UART_c67.c,6 :: 		
0x01EA	0x3090      	MOVLW      144
0x01EB	0x1283      	BCF        STATUS, 5
0x01EC	0x0098      	MOVWF      RCSTA
;__Lib_UART_c67.c,7 :: 		
0x01ED	0x1683      	BSF        STATUS, 5
0x01EE	0x1787      	BSF        TRISC7_bit, 7
;__Lib_UART_c67.c,8 :: 		
0x01EF	0x1307      	BCF        TRISC6_bit, 6
;__Lib_UART_c67.c,10 :: 		
L_UART1_Init0:
0x01F0	0x1283      	BCF        STATUS, 5
0x01F1	0x1E8C      	BTFSS      PIR1, 5
0x01F2	0x29F6      	GOTO       L_UART1_Init1
;__Lib_UART_c67.c,11 :: 		
0x01F3	0x081A      	MOVF       RCREG, 0
0x01F4	0x00F0      	MOVWF      R0
0x01F5	0x29F0      	GOTO       L_UART1_Init0
L_UART1_Init1:
;__Lib_UART_c67.c,12 :: 		
L_end_UART1_Init:
0x01F6	0x0008      	RETURN
; end of _UART1_Init
_UART1_Write_Text:
;__Lib_UART_c67.c,47 :: 		
;__Lib_UART_c67.c,48 :: 		
0x01F7	0x1283      	BCF        STATUS, 5
0x01F8	0x1303      	BCF        STATUS, 6
0x01F9	0x01B5      	CLRF       UART1_Write_Text_counter_L0
;__Lib_UART_c67.c,50 :: 		
0x01FA	0x0833      	MOVF       FARG_UART1_Write_Text_uart_text, 0
0x01FB	0x0084      	MOVWF      FSR
0x01FC	0x0800      	MOVF       INDF, 0
0x01FD	0x00B4      	MOVWF      UART1_Write_Text_data__L0
;__Lib_UART_c67.c,51 :: 		
L_UART1_Write_Text5:
0x01FE	0x0834      	MOVF       UART1_Write_Text_data__L0, 0
0x01FF	0x3A00      	XORLW      0
0x0200	0x1903      	BTFSC      STATUS, 2
0x0201	0x2A0C      	GOTO       L_UART1_Write_Text6
;__Lib_UART_c67.c,52 :: 		
0x0202	0x0834      	MOVF       UART1_Write_Text_data__L0, 0
0x0203	0x00B6      	MOVWF      FARG_UART1_Write_data_
0x0204	0x2148      	CALL       _UART1_Write
;__Lib_UART_c67.c,53 :: 		
0x0205	0x0AB5      	INCF       UART1_Write_Text_counter_L0, 1
;__Lib_UART_c67.c,54 :: 		
0x0206	0x0835      	MOVF       UART1_Write_Text_counter_L0, 0
0x0207	0x0733      	ADDWF      FARG_UART1_Write_Text_uart_text, 0
0x0208	0x0084      	MOVWF      FSR
0x0209	0x0800      	MOVF       INDF, 0
0x020A	0x00B4      	MOVWF      UART1_Write_Text_data__L0
;__Lib_UART_c67.c,55 :: 		
0x020B	0x29FE      	GOTO       L_UART1_Write_Text5
L_UART1_Write_Text6:
;__Lib_UART_c67.c,56 :: 		
L_end_UART1_Write_Text:
0x020C	0x0008      	RETURN
; end of _UART1_Write_Text
_Motor_Stop:
;motor.h,143 :: 		void Motor_Stop()
;motor.h,145 :: 		Change_Duty(0);
0x020D	0x1283      	BCF        STATUS, 5
0x020E	0x1303      	BCF        STATUS, 6
0x020F	0x01B6      	CLRF       FARG_Change_Duty_speed
0x0210	0x215A      	CALL       _Change_Duty
;motor.h,146 :: 		Pwm1_Stop();
0x0211	0x21B7      	CALL       _PWM1_Stop
;motor.h,147 :: 		PORTD.F0 =0;
0x0212	0x1008      	BCF        PORTD, 0
;motor.h,148 :: 		PORTD.F1 =0;
0x0213	0x1088      	BCF        PORTD, 1
;motor.h,149 :: 		Pwm2_Stop();
0x0214	0x2152      	CALL       _PWM2_Stop
;motor.h,150 :: 		PORTB.F1 =0;
0x0215	0x1086      	BCF        PORTB, 1
;motor.h,151 :: 		PORTB.F2 =0;
0x0216	0x1106      	BCF        PORTB, 2
;motor.h,154 :: 		motor_init_=0;
0x0217	0x01AE      	CLRF       _motor_init_
;motor.h,156 :: 		}
L_end_Motor_Stop:
0x0218	0x0008      	RETURN
; end of _Motor_Stop
___CC2DW:
;__Lib_System.c,134 :: 		
;__Lib_System.c,137 :: 		
_CC2D_Loop1:
;__Lib_System.c,139 :: 		
0x0219	0x2141      	CALL       _____DoICP
0x021A	0x118A      	BCF        PCLATH, 3
0x021B	0x120A      	BCF        PCLATH, 4
;__Lib_System.c,141 :: 		
0x021C	0x0080      	MOVWF      INDF
;__Lib_System.c,142 :: 		
0x021D	0x0A84      	INCF       FSR, 1
;__Lib_System.c,143 :: 		
0x021E	0x0AAF      	INCF       ___DoICPAddr, 1
;__Lib_System.c,145 :: 		
0x021F	0x1903      	BTFSC      STATUS, 2
;__Lib_System.c,146 :: 		
0x0220	0x0AB0      	INCF       ___DoICPAddr+1, 1
;__Lib_System.c,147 :: 		
0x0221	0x03F0      	DECF       R0, 1
;__Lib_System.c,149 :: 		
0x0222	0x1D03      	BTFSS      STATUS, 2
;__Lib_System.c,150 :: 		
0x0223	0x2A19      	GOTO       _CC2D_Loop1
;__Lib_System.c,152 :: 		
L_end___CC2DW:
0x0224	0x0008      	RETURN
; end of ___CC2DW
_main:
0x0225	0x3045      	MOVLW      69
0x0226	0x1283      	BCF        STATUS, 5
0x0227	0x1303      	BCF        STATUS, 6
0x0228	0x00A0      	MOVWF      ?lstr2_MyProject
0x0229	0x3072      	MOVLW      114
0x022A	0x00A1      	MOVWF      33
0x022B	0x3072      	MOVLW      114
0x022C	0x00A2      	MOVWF      34
0x022D	0x306F      	MOVLW      111
0x022E	0x00A3      	MOVWF      35
0x022F	0x3072      	MOVLW      114
0x0230	0x00A4      	MOVWF      36
0x0231	0x3021      	MOVLW      33
0x0232	0x00A5      	MOVWF      37
0x0233	0x01A6      	CLRF       38
0x0234	0x3053      	MOVLW      83
0x0235	0x00A7      	MOVWF      ?lstr1_MyProject
0x0236	0x3074      	MOVLW      116
0x0237	0x00A8      	MOVWF      40
0x0238	0x3061      	MOVLW      97
0x0239	0x00A9      	MOVWF      41
0x023A	0x3072      	MOVLW      114
0x023B	0x00AA      	MOVWF      42
0x023C	0x3074      	MOVLW      116
0x023D	0x00AB      	MOVWF      43
0x023E	0x01AC      	CLRF       44
0x023F	0x307F      	MOVLW      127
0x0240	0x00AD      	MOVWF      _motor_duty_
0x0241	0x01AE      	CLRF       _motor_init_
;MyProject.c,189 :: 		void main()
;MyProject.c,196 :: 		char output[50]="If You see this text robot is Okey:)";
;MyProject.c,197 :: 		char delimiter[5]=" ";
;MyProject.c,198 :: 		char some_byte = 0x0A;
;MyProject.c,199 :: 		char i=0;
0x0242	0x01B2      	CLRF       main_i_L0
;MyProject.c,200 :: 		ANSEL  = 0;                     // Configure AN pins as digital
0x0243	0x1683      	BSF        STATUS, 5
0x0244	0x1703      	BSF        STATUS, 6
0x0245	0x0188      	CLRF       ANSEL
;MyProject.c,201 :: 		ANSELH = 0;
0x0246	0x0189      	CLRF       ANSELH
;MyProject.c,203 :: 		UART1_Init(9600);               // Initialize UART module at 9600 bps
0x0247	0x3033      	MOVLW      51
0x0248	0x1303      	BCF        STATUS, 6
0x0249	0x0099      	MOVWF      SPBRG
0x024A	0x1518      	BSF        TXSTA, 2
0x024B	0x21E7      	CALL       _UART1_Init
;MyProject.c,204 :: 		Delay_ms(100);                  // Wait for UART module to stabilize
0x024C	0x3002      	MOVLW      2
0x024D	0x00FB      	MOVWF      R11
0x024E	0x3004      	MOVLW      4
0x024F	0x00FC      	MOVWF      R12
0x0250	0x30BA      	MOVLW      186
0x0251	0x00FD      	MOVWF      R13
L_main91:
0x0252	0x0BFD      	DECFSZ     R13, 1
0x0253	0x2A52      	GOTO       L_main91
0x0254	0x0BFC      	DECFSZ     R12, 1
0x0255	0x2A52      	GOTO       L_main91
0x0256	0x0BFB      	DECFSZ     R11, 1
0x0257	0x2A52      	GOTO       L_main91
0x0258	0x0000      	NOP
;MyProject.c,206 :: 		UART1_Write_Text("Start");
0x0259	0x3027      	MOVLW      ?lstr1_MyProject
0x025A	0x00B3      	MOVWF      FARG_UART1_Write_Text_uart_text
0x025B	0x21F7      	CALL       _UART1_Write_Text
;MyProject.c,207 :: 		UART1_Write(10);
0x025C	0x300A      	MOVLW      10
0x025D	0x00B6      	MOVWF      FARG_UART1_Write_data_
0x025E	0x2148      	CALL       _UART1_Write
;MyProject.c,208 :: 		UART1_Write(13);
0x025F	0x300D      	MOVLW      13
0x0260	0x00B6      	MOVWF      FARG_UART1_Write_data_
0x0261	0x2148      	CALL       _UART1_Write
;MyProject.c,210 :: 		while (1)
L_main92:
;MyProject.c,214 :: 		while (UART1_Data_Ready())
L_main94:
0x0262	0x21E0      	CALL       _UART1_Data_Ready
0x0263	0x0870      	MOVF       R0, 0
0x0264	0x1903      	BTFSC      STATUS, 2
0x0265	0x2A79      	GOTO       L_main95
;MyProject.c,216 :: 		i='0';
0x0266	0x3030      	MOVLW      48
0x0267	0x00B2      	MOVWF      main_i_L0
;MyProject.c,218 :: 		i = UART1_Read();     // read the received data,
0x0268	0x21D5      	CALL       _UART1_Read
0x0269	0x0870      	MOVF       R0, 0
0x026A	0x00B2      	MOVWF      main_i_L0
;MyProject.c,238 :: 		if(UART1_Tx_Idle())
0x026B	0x21CE      	CALL       _UART1_Tx_Idle
0x026C	0x0870      	MOVF       R0, 0
0x026D	0x1903      	BTFSC      STATUS, 2
0x026E	0x2A74      	GOTO       L_main96
;MyProject.c,240 :: 		UART1_Write(i);       // and send data via UART
0x026F	0x1283      	BCF        STATUS, 5
0x0270	0x0832      	MOVF       main_i_L0, 0
0x0271	0x00B6      	MOVWF      FARG_UART1_Write_data_
0x0272	0x2148      	CALL       _UART1_Write
;MyProject.c,241 :: 		}
0x0273	0x2A78      	GOTO       L_main97
L_main96:
0x0274	0x1283      	BCF        STATUS, 5
;MyProject.c,243 :: 		printing("Error!");
0x0275	0x3020      	MOVLW      ?lstr2_MyProject
0x0276	0x00B3      	MOVWF      FARG_printing_text
0x0277	0x21BF      	CALL       _printing
L_main97:
;MyProject.c,244 :: 		}
0x0278	0x2A62      	GOTO       L_main94
L_main95:
;MyProject.c,245 :: 		Delay_ms(500);
0x0279	0x3006      	MOVLW      6
0x027A	0x00FB      	MOVWF      R11
0x027B	0x3013      	MOVLW      19
0x027C	0x00FC      	MOVWF      R12
0x027D	0x30AD      	MOVLW      173
0x027E	0x00FD      	MOVWF      R13
L_main98:
0x027F	0x0BFD      	DECFSZ     R13, 1
0x0280	0x2A7F      	GOTO       L_main98
0x0281	0x0BFC      	DECFSZ     R12, 1
0x0282	0x2A7F      	GOTO       L_main98
0x0283	0x0BFB      	DECFSZ     R11, 1
0x0284	0x2A7F      	GOTO       L_main98
0x0285	0x0000      	NOP
0x0286	0x0000      	NOP
;MyProject.c,246 :: 		Motor_Stop();
0x0287	0x220D      	CALL       _Motor_Stop
;MyProject.c,247 :: 		}
0x0288	0x2A62      	GOTO       L_main92
;MyProject.c,248 :: 		}
L_end_main:
0x0289	0x2A89      	GOTO       $+0
; end of _main
Symbol List:
//** Routines locations **
//ADDRESS    SIZE    PROCEDURE
//----------------------------------------------
0x0003       [7]    _Delay_50us
0x000A       [3]    _Delay_1us
0x000D      [13]    _Delay_5500us
0x001A      [64]    _Lcd_Cmd
0x005A      [43]    _Mul_16x16_U
0x0085      [58]    _PWM1_Set_Duty
0x00BF      [58]    _PWM2_Set_Duty
0x00F9       [8]    _Lcd_Chr_CP
0x0101      [64]    _Lcd_Out
0x0141       [7]    _____DoICP
0x0148      [10]    _UART1_Write
0x0152       [8]    _PWM2_Stop
0x015A      [15]    _Change_Duty
0x0169      [78]    _Lcd_Init
0x01B7       [8]    _PWM1_Stop
0x01BF      [15]    _printing
0x01CE       [7]    _UART1_Tx_Idle
0x01D5      [11]    _UART1_Read
0x01E0       [7]    _UART1_Data_Ready
0x01E7      [16]    _UART1_Init
0x01F7      [22]    _UART1_Write_Text
0x020D      [12]    _Motor_Stop
0x0219      [12]    ___CC2DW
0x0225     [101]    _main
//** Variables locations ** 
//ADDRESS    SIZE    VARIABLE
//----------------------------------------------
0x0000       [1]    INDF
0x0002       [1]    PCL
0x0003       [1]    STATUS
0x0004       [1]    FSR
0x0006       [1]    PORTB
0x0008       [0]    RD2_bit
0x0008       [0]    RD4_bit
0x0008       [0]    RD3_bit
0x0008       [0]    LCD_D4
0x0008       [1]    PORTD
0x0008       [0]    RD5_bit
0x0008       [0]    LCD_RS
0x0008       [0]    LCD_D7
0x0008       [0]    LCD_EN
0x0008       [0]    LCD_D6
0x0008       [0]    RD6_bit
0x0008       [0]    RD7_bit
0x0008       [0]    LCD_D5
0x000A       [1]    PCLATH
0x000C       [1]    PIR1
0x0012       [1]    T2CON
0x0015       [1]    CCPR1L
0x0017       [1]    CCP1CON
0x0018       [1]    RCSTA
0x0019       [1]    TXREG
0x001A       [1]    RCREG
0x001B       [1]    CCPR2L
0x001D       [1]    CCP2CON
0x0020       [7]    ?lstr2_MyProject
0x0027       [6]    ?lstr1_MyProject
0x002D       [1]    _motor_duty_
0x002E       [1]    _motor_init_
0x002F       [2]    ___DoICPAddr
0x0031       [0]    __Lib_Lcd_cmd_status
0x0032       [1]    main_i_L0
0x0033       [1]    FARG_UART1_Write_Text_uart_text
0x0033       [1]    FARG_printing_text
0x0034       [1]    UART1_Write_Text_data__L0
0x0035       [1]    UART1_Write_Text_counter_L0
0x0036       [1]    FARG_Change_Duty_speed
0x0036       [1]    FARG_UART1_Write_data_
0x0036       [1]    FARG_Lcd_Out_row
0x0037       [1]    FARG_Lcd_Out_column
0x0038       [1]    FARG_Lcd_Out_text
0x0039       [1]    Lcd_Out_i_L0
0x003A       [1]    FARG_Lcd_Chr_CP_out_char
0x003A       [1]    FARG_PWM2_Set_Duty_new_duty
0x003A       [1]    FARG_PWM1_Set_Duty_new_duty
0x003B       [1]    FARG_Lcd_Cmd_out_char
0x0070       [1]    R0
0x0071       [1]    R1
0x0072       [1]    R2
0x0073       [1]    R3
0x0074       [1]    R4
0x0075       [1]    R5
0x0076       [1]    R6
0x0077       [1]    R7
0x0078       [1]    R8
0x0079       [1]    R9
0x007A       [1]    R10
0x007B       [1]    R11
0x007C       [1]    R12
0x007D       [1]    R13
0x007E       [1]    R14
0x007F       [1]    R15
0x0087       [0]    TRISC1_bit
0x0087       [0]    TRISC7_bit
0x0087       [0]    TRISC2_bit
0x0087       [0]    TRISC6_bit
0x0088       [0]    TRISD5_bit
0x0088       [0]    LCD_D7_Direction
0x0088       [0]    LCD_D5_Direction
0x0088       [0]    TRISD6_bit
0x0088       [0]    LCD_D6_Direction
0x0088       [0]    TRISD7_bit
0x0088       [0]    LCD_D4_Direction
0x0088       [0]    TRISD4_bit
0x0088       [0]    TRISD2_bit
0x0088       [0]    TRISD3_bit
0x0088       [0]    LCD_EN_Direction
0x0088       [0]    LCD_RS_Direction
0x0092       [1]    PR2
0x0098       [1]    TXSTA
0x0099       [1]    SPBRG
0x009A       [1]    SPBRGH
0x0188       [1]    ANSEL
0x0189       [1]    ANSELH
//** Label List: ** 
//----------------------------------------------
  L_Motor_Init0
  L_Change_Duty1
  L_Adc_Rd2
  L_Adc_Rd3
  L_Adc_Rd4
  L_Adc_Rd5
  L_Adc_Rd6
  L_Adc_Rd7
  L_Adc_Rd8
  L_Adc_Rd9
  L_Adc_Rd10
  L_Adc_Rd11
  L_Adc_Rd12
  L_Adc_Rd13
  L_isSafe14
  L_isSafe15
  L_isSafe16
  L_SForward17
  L_SForward18
  L_SForward19
  L_comp20
  L_comp21
  L_comp22
  L_SMove23
  L_SMove24
  L_SMove25
  L_SMove26
  L_SMove27
  L_SMove28
  L_SMove29
  L_SMove30
  L_SMove31
  L_SMove32
  L_SMove33
  L_Goal_Test34
  L_Goal_Test35
  L_SRotare36
  L_SRotare37
  L_SRotare38
  L_Map_update39
  L_Map_update40
  L_Map_update41
  L_Map_update42
  L_Map_update43
  L_Map_update44
  L_Map_update45
  L_Map_update46
  L_Map_update47
  L_Map_update48
  L_Map_update49
  L_mod50
  L_mod51
  L_Brain52
  L_Brain53
  L_Brain54
  L_Brain55
  L_Brain56
  L_Brain57
  L_Brain58
  L_Brain59
  L_Brain60
  L_Brain61
  L_Brain62
  L_Brain63
  L_Brain64
  L_Brain65
  L_Brain66
  L_Brain67
  L_Brain68
  L_Brain69
  L_Brain70
  L_Brain71
  L_Brain72
  L_Brain73
  L_Brain74
  L_Brain75
  L_Brain76
  L_Brain77
  L_A_search78
  L_A_search79
  L_A_search80
  L_A_search81
  L_A_search82
  L_A_search83
  L_A_search84
  L_A_search85
  L_A_search86
  L_A_search87
  L_A_search88
  L_A_search89
  L_A_search90
  L_main91
  L_main92
  L_main93
  L_main94
  L_main95
  L_main96
  L_main97
  L_main98
  L__Adc_Rd99
  L__Adc_Rd100
  L__A_search101
  L_end_Motor_Init
  _Motor_Init
  L_end_Change_Duty
  _Change_Duty
  L_end_Motor_A_FWD
  _Motor_A_FWD
  L_end_Motor_B_FWD
  _Motor_B_FWD
  L_end_Motor_A_BWD
  _Motor_A_BWD
  L_end_Motor_B_BWD
  _Motor_B_BWD
  L_end_S_Right
  _S_Right
  L_end_S_Left
  _S_Left
  L_end_Motor_Stop
  _Motor_Stop
  L_end_Adc_Rd
  _Adc_Rd
  L__Adc_Rd112
  L__Adc_Rd113
  L__Adc_Rd114
  L__Adc_Rd115
  L__Adc_Rd116
  L__Adc_Rd117
  L__Adc_Rd118
  L__Adc_Rd119
  L_end_isSafe
  _isSafe
  L__isSafe121
  L_end_SForward
  _SForward
  L_end_comp
  _comp
  L_end_SMove
  _SMove
  L_end_Goal_Test
  _Goal_Test
  L_end_SRotare
  _SRotare
  L_end_Map_update
  _Map_update
  L_end_Cost
  _Cost
  L_end_mod
  _mod
  L__mod130
  L_end_Brain
  _Brain
  L__Brain132
  L__Brain133
  L__Brain134
  L__Brain135
  L__Brain136
  L__Brain137
  L__Brain138
  L__Brain139
  L__Brain140
  L__Brain141
  L_end_A_search
  _A_search
  L__A_search143
  L__A_search144
  L__A_search145
  L__A_search146
  L__A_search147
  L_end_SetGoals
  _SetGoals
  L_end_printing
  _printing
  L_end_startup
  _startup
  L_end_main
  _main
  L_Delay_10us0
  L_Delay_22us1
  L_Delay_50us2
  L_Delay_80us3
  L_Delay_500us4
  L_Delay_5500us5
  L_Delay_1ms6
  L_Delay_5ms7
  L_Delay_8ms8
  L_Delay_10ms9
  L_Delay_100ms10
  L_Delay_1sec11
  L_boot16_Delay_5ms12
  L_Delay_Cyc13
  L_Delay_Cyc14
  L_VDelay_ms15
  L_VDelay_ms16
  L_VDelay_ms17
  L_VDelay_Advanced_ms18
  L_VDelay_Advanced_ms19
  L_VDelay_Advanced_ms20
  L_end_Get_Fosc_kHz
  _Get_Fosc_kHz
  L_end_Delay_1us
  _Delay_1us
  L_end_Delay_10us
  _Delay_10us
  L_end_Delay_22us
  _Delay_22us
  L_end_Delay_50us
  _Delay_50us
  L_end_Delay_80us
  _Delay_80us
  L_end_Delay_500us
  _Delay_500us
  L_end_Delay_5500us
  _Delay_5500us
  L_end_Delay_1ms
  _Delay_1ms
  L_end_Delay_5ms
  _Delay_5ms
  L_end_Delay_8ms
  _Delay_8ms
  L_end_Delay_10ms
  _Delay_10ms
  L_end_Delay_100ms
  _Delay_100ms
  L_end_Delay_1sec
  _Delay_1sec
  L_end_boot16_Delay_5ms
  _boot16_Delay_5ms
  L_end_Delay_Cyc
  _Delay_Cyc
  L_end_VDelay_ms
  _VDelay_ms
  L__VDelay_ms38
  L__VDelay_ms39
  L__VDelay_ms40
  L_end_VDelay_Advanced_ms
  _VDelay_Advanced_ms
  L__VDelay_Advanced_ms42
  L__VDelay_Advanced_ms43
  L__VDelay_Advanced_ms44
  L_Lcd_Cmd0
  L_Lcd_Cmd1
  L_Lcd_Out_CP2
  L_Lcd_Out_CP3
  L_Lcd_Chr4
  L_Lcd_Chr5
  L_Lcd_Chr6
  L_Lcd_Chr7
  L_Lcd_Chr8
  L_Lcd_Chr9
  L_Lcd_Chr10
  L_Lcd_Out11
  L_Lcd_Out12
  L_Lcd_Out13
  L_Lcd_Out14
  L_Lcd_Out15
  L_Lcd_Out16
  L_Lcd_Out17
  L_Lcd_Out18
  L_Lcd_Out19
  L_end_Lcd_Cmd
  _Lcd_Cmd
  L__Lcd_Cmd21
  L__Lcd_Cmd22
  L__Lcd_Cmd23
  L__Lcd_Cmd24
  L__Lcd_Cmd25
  L__Lcd_Cmd26
  L__Lcd_Cmd27
  L__Lcd_Cmd28
  L__Lcd_Cmd29
  L__Lcd_Cmd30
  L__Lcd_Cmd31
  L__Lcd_Cmd32
  L__Lcd_Cmd33
  L__Lcd_Cmd34
  L__Lcd_Cmd35
  L__Lcd_Cmd36
  L__Lcd_Cmd37
  L__Lcd_Cmd38
  L__Lcd_Cmd39
  L__Lcd_Cmd40
  L_end_Lcd_Chr_CP
  _Lcd_Chr_CP
  L_end_Lcd_Out_CP
  _Lcd_Out_CP
  L_end_Lcd_Chr
  _Lcd_Chr
  L_end_Lcd_Init
  _Lcd_Init
  L_end_Lcd_Out
  _Lcd_Out
  L_Div_16x16_S0
  L_Div_16x16_S1
  LOOPS3232A
  SADD22LA
  SOK22LA
  SADD22L8
  SOK22L8
  LOOPS3232B
  SADD22LB
  SOK22LB
  SADD22L16
  SOK22L16
  LOOPS3232C
  SADD22LC
  SOK22LC
  SADD22L24
  SOK22L24
  LOOPS3232D
  SADD22LD
  SOK22LD
  SOK22L
  L_Div_32x32_S6
  L_Div_32x32_S7
  L_Div_32x32_S8
  L_Div_32x32_S9
  FXD3232S
  END_ALL
  CA3232S
  C3232SX
  C3232SX1
  C3232S
  C3232S2
  C3232SX4
  C3232SOK
  C3232SX3
  C3232SX2
  avoid_comfrem
  LOOPU3232A
  UADD22LA
  UOK22LA
  UADD22L8
  UOK22L8
  LOOPU3232B
  UADD22LB
  UOK22LB
  UADD22L16
  UOK22L16
  LOOPU3232C
  UADD22LC
  UOK22LC
  UADD22L24
  UOK22L24
  LOOPU3232D
  UADD22LD
  UOK22LD
  UOK22L
  _NEXT
  _EXIT2
  _LOOP
  _EXIT1
  _IF_FIRST
  _IF_SECOND
  _INVERCE_FIRST
  _MULT
  _INBERSE_SECOND
  _EXIT
  L_end_Mul_8x8_U
  _Mul_8x8_U
  L_end_Mul_16x16_U
  _Mul_16x16_U
  L_end_Div_8x8_U
  _Div_8x8_U
  L_end_Div_16x16_U
  _Div_16x16_U
  L_end_Mul_8x8_S
  _Mul_8x8_S
  L_end_Mul_16x16_S
  _Mul_16x16_S
  L_end_Div_16x16_S_L
  _Div_16x16_S_L
  L_end_Div_16x16_S
  _Div_16x16_S
  L_end_Div_8x8_S
  _Div_8x8_S
  L_end_SDIV3232L
  _SDIV3232L
  L_end_COMFREM
  _COMFREM
  L_end_Div_32x32_S
  _Div_32x32_S
  L_end_Div_32x32_U
  _Div_32x32_U
  L_end_Mul_32x32_U
  _Mul_32x32_U
  L_end_Mul_32x32_S
  _Mul_32x32_S
  L_end_PWM2_Init
  _PWM2_Init
  L_end_PWM2_Set_Duty
  _PWM2_Set_Duty
  L__PWM2_Set_Duty2
  L__PWM2_Set_Duty3
  L__PWM2_Set_Duty4
  L__PWM2_Set_Duty5
  L_end_PWM2_Start
  _PWM2_Start
  L_end_PWM2_Stop
  _PWM2_Stop
  L_end_PWM1_Init
  _PWM1_Init
  L_end_PWM1_Set_Duty
  _PWM1_Set_Duty
  L__PWM1_Set_Duty10
  L__PWM1_Set_Duty11
  L__PWM1_Set_Duty12
  L__PWM1_Set_Duty13
  L_end_PWM1_Start
  _PWM1_Start
  L_end_PWM1_Stop
  _PWM1_Stop
  L_loopCA2AWs
  L_CA2AWend
  _CCA2AW_Loop1
  L_loopCS2Ss
  L_CS2Send
  _CCS2S_Loop1
  L_CCS2Send
  L_loopFZinSWs
  L_FZinSend
  _CC2D_Loop1
  L_end_____DoICP
  _____DoICP
  L_end_____DoIFC
  _____DoIFC
  L_end___CA2AW
  ___CA2AW
  L_end___CCA2AW
  ___CCA2AW
  L_end___CS2S
  ___CS2S
  L_end___CCS2S
  ___CCS2S
  L_end___FZinS
  ___FZinS
  L_end___CC2DW
  ___CC2DW
  L_end_Swap
  _Swap
  L_UART1_Init0
  L_UART1_Init1
  L_UART1_Read2
  L_UART1_Write3
  L_UART1_Write4
  L_UART1_Write_Text5
  L_UART1_Write_Text6
  L_UART1_Read_Text7
  L_UART1_Read_Text8
  L_UART1_Read_Text9
  L_UART1_Read_Text10
  L_UART1_Read_Text11
  L_UART1_Read_Text12
  L_UART1_Read_Text13
  L_UART1_Read_Text14
  L_UART1_Read_Text15
  L_end_UART1_Init
  _UART1_Init
  L_end_UART1_Data_Ready
  _UART1_Data_Ready
  L_end_UART1_Read
  _UART1_Read
  L_end_UART1_Tx_Idle
  _UART1_Tx_Idle
  L_end_UART1_Write
  _UART1_Write
  L_end_UART1_Write_Text
  _UART1_Write_Text
  L_end_UART1_Read_Text
  _UART1_Read_Text
